C:\USERS\LUREX\DESKTOP\REGISTRATIONSYSTEM_PATIENTCLIENT\REGISTRATIONSYSTEM_PATIENTCLIENT\DEBUG\REGISTRATIONSYSTEM_PATIENTCLIENT.PCH
C:\USERS\LUREX\DESKTOP\REGISTRATIONSYSTEM_PATIENTCLIENT\REGISTRATIONSYSTEM_PATIENTCLIENT\DEBUG\STDAFX.OBJ
C:\USERS\LUREX\DESKTOP\REGISTRATIONSYSTEM_PATIENTCLIENT\REGISTRATIONSYSTEM_PATIENTCLIENT\DEBUG\VC110.PDB
C:\USERS\LUREX\DESKTOP\REGISTRATIONSYSTEM_PATIENTCLIENT\REGISTRATIONSYSTEM_PATIENTCLIENT\DEBUG\REGISTRATIONSYSTEM_PATIENTCLIENT.OBJ
C:\USERS\LUREX\DESKTOP\REGISTRATIONSYSTEM_PATIENTCLIENT\REGISTRATIONSYSTEM_PATIENTCLIENT\DEBUG\REGISTRATIONSYSTEM_PATIENTCLIENTDLG.OBJ
C:\USERS\LENNY\DESKTOP\REGISTRATIONSYSTEM\REGISTRATIONSYSTEM_PATIENTCLIENT\REGISTRATIONSYSTEM_PATIENTCLIENT\DEBUG\REGISTRATIONSYSTEM_PATIENTCLIENT.PCH
C:\USERS\LENNY\DESKTOP\REGISTRATIONSYSTEM\REGISTRATIONSYSTEM_PATIENTCLIENT\REGISTRATIONSYSTEM_PATIENTCLIENT\DEBUG\STDAFX.OBJ
C:\USERS\LENNY\DESKTOP\REGISTRATIONSYSTEM\REGISTRATIONSYSTEM_PATIENTCLIENT\REGISTRATIONSYSTEM_PATIENTCLIENT\DEBUG\VC110.PDB
C:\USERS\LENNY\DESKTOP\REGISTRATIONSYSTEM\REGISTRATIONSYSTEM_PATIENTCLIENT\REGISTRATIONSYSTEM_PATIENTCLIENT\DEBUG\REGISTRATIONSYSTEM_PATIENTCLIENT.OBJ
C:\USERS\LENNY\DESKTOP\REGISTRATIONSYSTEM\REGISTRATIONSYSTEM_PATIENTCLIENT\REGISTRATIONSYSTEM_PATIENTCLIENT\DEBUG\REGISTRATIONSYSTEM_PATIENTCLIENTDLG.OBJ
C:\USERS\LUREX\DESKTOP\REGISTRATIONSYSTEM_PATIENTCLIENT\DEBUG\REGISTRATIONSYSTEM_PATIENTCLIENT.ILK
C:\USERS\LUREX\DESKTOP\REGISTRATIONSYSTEM_PATIENTCLIENT\DEBUG\REGISTRATIONSYSTEM_PATIENTCLIENT.EXE
C:\USERS\LUREX\DESKTOP\REGISTRATIONSYSTEM_PATIENTCLIENT\DEBUG\REGISTRATIONSYSTEM_PATIENTCLIENT.PDB
C:\USERS\LENNY\DESKTOP\REGISTRATIONSYSTEM\REGISTRATIONSYSTEM_PATIENTCLIENT\DEBUG\REGISTRATIONSYSTEM_PATIENTCLIENT.ILK
C:\USERS\LENNY\DESKTOP\REGISTRATIONSYSTEM\REGISTRATIONSYSTEM_PATIENTCLIENT\DEBUG\REGISTRATIONSYSTEM_PATIENTCLIENT.EXE
C:\USERS\LENNY\DESKTOP\REGISTRATIONSYSTEM\REGISTRATIONSYSTEM_PATIENTCLIENT\DEBUG\REGISTRATIONSYSTEM_PATIENTCLIENT.PDB
C:\USERS\LUREX\DESKTOP\REGISTRATIONSYSTEM_PATIENTCLIENT\REGISTRATIONSYSTEM_PATIENTCLIENT\DEBUG\REGISTRATIONSYSTEM_PATIENTCLIENT.RES
C:\USERS\LENNY\DESKTOP\REGISTRATIONSYSTEM\REGISTRATIONSYSTEM_PATIENTCLIENT\REGISTRATIONSYSTEM_PATIENTCLIENT\DEBUG\REGISTRATIONSYSTEM_PATIENTCLIENT.RES
C:\Users\LuRex\Desktop\RegistrationSystem\RegistrationSystem\RegistrationSystem_PatientClient\RegistrationSystem_PatientClient\Debug\RegistrationSystem_PatientClient.obj
C:\Users\LuRex\Desktop\RegistrationSystem\RegistrationSystem\RegistrationSystem_PatientClient\RegistrationSystem_PatientClient\Debug\RegistrationSystem_PatientClientDlg.obj
C:\Users\LuRex\Desktop\RegistrationSystem\RegistrationSystem\RegistrationSystem_PatientClient\RegistrationSystem_PatientClient\Debug\stdafx.obj
C:\Users\LuRex\Desktop\RegistrationSystem\RegistrationSystem\RegistrationSystem_PatientClient\RegistrationSystem_PatientClient\Debug\cl.command.1.tlog
C:\Users\LuRex\Desktop\RegistrationSystem\RegistrationSystem\RegistrationSystem_PatientClient\RegistrationSystem_PatientClient\Debug\CL.read.1.tlog
C:\Users\LuRex\Desktop\RegistrationSystem\RegistrationSystem\RegistrationSystem_PatientClient\RegistrationSystem_PatientClient\Debug\CL.write.1.tlog
C:\Users\LuRex\Desktop\RegistrationSystem\RegistrationSystem\RegistrationSystem_PatientClient\RegistrationSystem_PatientClient\Debug\link-cvtres.read.1.tlog
C:\Users\LuRex\Desktop\RegistrationSystem\RegistrationSystem\RegistrationSystem_PatientClient\RegistrationSystem_PatientClient\Debug\link-cvtres.write.1.tlog
C:\Users\LuRex\Desktop\RegistrationSystem\RegistrationSystem\RegistrationSystem_PatientClient\RegistrationSystem_PatientClient\Debug\link-mt.read.1.tlog
C:\Users\LuRex\Desktop\RegistrationSystem\RegistrationSystem\RegistrationSystem_PatientClient\RegistrationSystem_PatientClient\Debug\link-mt.write.1.tlog
C:\Users\LuRex\Desktop\RegistrationSystem\RegistrationSystem\RegistrationSystem_PatientClient\RegistrationSystem_PatientClient\Debug\link-rc.read.1.tlog
C:\Users\LuRex\Desktop\RegistrationSystem\RegistrationSystem\RegistrationSystem_PatientClient\RegistrationSystem_PatientClient\Debug\link-rc.write.1.tlog
C:\Users\LuRex\Desktop\RegistrationSystem\RegistrationSystem\RegistrationSystem_PatientClient\RegistrationSystem_PatientClient\Debug\link.command.1.tlog
C:\Users\LuRex\Desktop\RegistrationSystem\RegistrationSystem\RegistrationSystem_PatientClient\RegistrationSystem_PatientClient\Debug\link.read.1.tlog
C:\Users\LuRex\Desktop\RegistrationSystem\RegistrationSystem\RegistrationSystem_PatientClient\RegistrationSystem_PatientClient\Debug\link.write.1.tlog
C:\Users\LuRex\Desktop\RegistrationSystem\RegistrationSystem\RegistrationSystem_PatientClient\RegistrationSystem_PatientClient\Debug\rc.command.1.tlog
C:\Users\LuRex\Desktop\RegistrationSystem\RegistrationSystem\RegistrationSystem_PatientClient\RegistrationSystem_PatientClient\Debug\rc.read.1.tlog
C:\Users\LuRex\Desktop\RegistrationSystem\RegistrationSystem\RegistrationSystem_PatientClient\RegistrationSystem_PatientClient\Debug\rc.write.1.tlog
C:\Users\LuRex\Desktop\RegistrationSystem\RegistrationSystem\RegistrationSystem_PatientClient\RegistrationSystem_PatientClient\Debug\RegistrationSystem_PatientClient.res
C:\Users\LuRex\Desktop\RegistrationSystem\RegistrationSystem\RegistrationSystem_PatientClient\RegistrationSystem_PatientClient\Debug\RegistrationSystem_PatientClient.pch
C:\Users\LuRex\Desktop\RegistrationSystem\RegistrationSystem\RegistrationSystem_PatientClient\RegistrationSystem_PatientClient\Debug\vc110.idb
C:\Users\LuRex\Desktop\RegistrationSystem\RegistrationSystem\RegistrationSystem_PatientClient\RegistrationSystem_PatientClient\Debug\vc110.pdb
C:\Users\LuRex\Desktop\RegistrationSystem\RegistrationSystem\RegistrationSystem_PatientClient\Debug\RegistrationSystem_PatientClient.pdb
C:\Users\LuRex\Desktop\RegistrationSystem\RegistrationSystem\RegistrationSystem_PatientClient\Debug\RegistrationSystem_PatientClient.exe
C:\Users\LuRex\Desktop\RegistrationSystem\RegistrationSystem\RegistrationSystem_PatientClient\Debug\RegistrationSystem_PatientClient.ilk
